<?xml version="1.0" encoding="UTF-8"?>
<!-- Generated by org.testng.reporters.JUnitReportReporter -->
<testsuite hostname="DESKTOP-89HMT6O" failures="3" tests="49" name="TestRunner.runner" time="25.647" errors="0" timestamp="2023-07-27T15:38:56 GMT-04:00" skipped="0">
  <testcase classname="TestRunner.runner" name="runScenario" time="0.191"/>
  <system-out/>
  <testcase classname="TestRunner.runner" name="runScenario" time="1.366"/>
  <system-out/>
  <testcase classname="TestRunner.runner" name="runScenario" time="0.170"/>
  <system-out/>
  <testcase classname="TestRunner.runner" name="runScenario" time="0.673"/>
  <system-out/>
  <testcase classname="TestRunner.runner" name="runScenario" time="0.175"/>
  <system-out/>
  <testcase classname="TestRunner.runner" name="runScenario" time="0.197">
    <failure message="expected [404] but found [200]" type="java.lang.AssertionError">
      <![CDATA[java.lang.AssertionError: expected [404] but found [200]
at org.testng.Assert.fail(Assert.java:110)
at org.testng.Assert.failNotEquals(Assert.java:1577)
at org.testng.Assert.assertEqualsImpl(Assert.java:149)
at org.testng.Assert.assertEquals(Assert.java:131)
at org.testng.Assert.assertEquals(Assert.java:1418)
at org.testng.Assert.assertEquals(Assert.java:1448)
at stepDefinition.FAssignmentSubmission_SD.user_receives_created_status_with_response_body(FAssignmentSubmission_SD.java:140)
at ✽.User receives 404 Created Status with response body for assignmentSubmission(file:///C:/Users/Viru/Desktop/JavaPrograms/RestAssureApi/src/test/resources/featureFiles/05LMS_AssignmentSubmission.feature:88)
]]>
    </failure>
  </testcase> <!-- runScenario -->
  <system-out/>
  <testcase classname="TestRunner.runner" name="runScenario" time="0.202"/>
  <system-out/>
  <testcase classname="TestRunner.runner" name="runScenario" time="0.315"/>
  <system-out/>
  <testcase classname="TestRunner.runner" name="runScenario" time="0.361"/>
  <system-out/>
  <testcase classname="TestRunner.runner" name="runScenario" time="0.358"/>
  <system-out/>
  <testcase classname="TestRunner.runner" name="runScenario" time="0.176"/>
  <system-out/>
  <testcase classname="TestRunner.runner" name="runScenario" time="0.904"/>
  <system-out/>
  <testcase classname="TestRunner.runner" name="runScenario" time="0.441"/>
  <system-out/>
  <testcase classname="TestRunner.runner" name="runScenario" time="0.291"/>
  <system-out/>
  <testcase classname="TestRunner.runner" name="runScenario" time="0.171"/>
  <system-out/>
  <testcase classname="TestRunner.runner" name="runScenario" time="0.212"/>
  <system-out/>
  <testcase classname="TestRunner.runner" name="runScenario" time="5.396"/>
  <system-out/>
  <testcase classname="TestRunner.runner" name="runScenario" time="0.212"/>
  <system-out/>
  <testcase classname="TestRunner.runner" name="runScenario" time="0.299"/>
  <system-out/>
  <testcase classname="TestRunner.runner" name="runScenario" time="0.288">
    <failure message="expected [200] but found [400]" type="java.lang.AssertionError">
      <![CDATA[java.lang.AssertionError: expected [200] but found [400]
at org.testng.Assert.fail(Assert.java:110)
at org.testng.Assert.failNotEquals(Assert.java:1577)
at org.testng.Assert.assertEqualsImpl(Assert.java:149)
at org.testng.Assert.assertEquals(Assert.java:131)
at org.testng.Assert.assertEquals(Assert.java:1418)
at org.testng.Assert.assertEquals(Assert.java:1448)
at stepDefinition.FAssignmentSubmission_SD.user_receives_created_status_with_response_body(FAssignmentSubmission_SD.java:140)
at ✽.User receives 200 Created Status with response body for assignmentSubmission(file:///C:/Users/Viru/Desktop/JavaPrograms/RestAssureApi/src/test/resources/featureFiles/05LMS_AssignmentSubmission.feature:47)
]]>
    </failure>
  </testcase> <!-- runScenario -->
  <system-out/>
  <testcase classname="TestRunner.runner" name="runScenario" time="0.235">
    <failure message="expected [400] but found [200]" type="java.lang.AssertionError">
      <![CDATA[java.lang.AssertionError: expected [400] but found [200]
at org.testng.Assert.fail(Assert.java:110)
at org.testng.Assert.failNotEquals(Assert.java:1577)
at org.testng.Assert.assertEqualsImpl(Assert.java:149)
at org.testng.Assert.assertEquals(Assert.java:131)
at org.testng.Assert.assertEquals(Assert.java:1418)
at org.testng.Assert.assertEquals(Assert.java:1448)
at stepDefinition.FAssignmentSubmission_SD.user_receives_created_status_with_response_body(FAssignmentSubmission_SD.java:140)
at ✽.User receives 400 Created Status with response body for assignmentSubmission(file:///C:/Users/Viru/Desktop/JavaPrograms/RestAssureApi/src/test/resources/featureFiles/05LMS_AssignmentSubmission.feature:163)
]]>
    </failure>
  </testcase> <!-- runScenario -->
  <system-out/>
  <testcase classname="TestRunner.runner" name="runScenario" time="0.197"/>
  <system-out/>
  <testcase classname="TestRunner.runner" name="runScenario" time="0.281"/>
  <system-out/>
  <testcase classname="TestRunner.runner" name="runScenario" time="0.744"/>
  <system-out/>
  <testcase classname="TestRunner.runner" name="runScenario" time="0.215"/>
  <system-out/>
  <testcase classname="TestRunner.runner" name="runScenario" time="2.610"/>
  <system-out/>
  <testcase classname="TestRunner.runner" name="runScenario" time="0.218"/>
  <system-out/>
  <testcase classname="TestRunner.runner" name="runScenario" time="0.470"/>
  <system-out/>
  <testcase classname="TestRunner.runner" name="runScenario" time="1.194"/>
  <system-out/>
  <testcase classname="TestRunner.runner" name="runScenario" time="0.269"/>
  <system-out/>
  <testcase classname="TestRunner.runner" name="runScenario" time="0.314"/>
  <system-out/>
  <testcase classname="TestRunner.runner" name="runScenario" time="0.218"/>
  <system-out/>
  <testcase classname="TestRunner.runner" name="runScenario" time="1.084"/>
  <system-out/>
  <testcase classname="TestRunner.runner" name="runScenario" time="0.498"/>
  <system-out/>
  <testcase classname="TestRunner.runner" name="runScenario" time="0.244"/>
  <system-out/>
  <testcase classname="TestRunner.runner" name="runScenario" time="0.213"/>
  <system-out/>
  <testcase classname="TestRunner.runner" name="runScenario" time="0.255"/>
  <system-out/>
  <testcase classname="TestRunner.runner" name="runScenario" time="1.299"/>
  <system-out/>
  <testcase classname="TestRunner.runner" name="runScenario" time="0.205"/>
  <system-out/>
  <testcase classname="TestRunner.runner" name="runScenario" time="0.192"/>
  <system-out/>
  <testcase classname="TestRunner.runner" name="runScenario" time="0.236"/>
  <system-out/>
  <testcase classname="TestRunner.runner" name="runScenario" time="0.166"/>
  <system-out/>
  <testcase classname="TestRunner.runner" name="runScenario" time="0.206"/>
  <system-out/>
  <testcase classname="TestRunner.runner" name="runScenario" time="0.360"/>
  <system-out/>
  <testcase classname="TestRunner.runner" name="runScenario" time="0.537"/>
  <system-out/>
  <testcase classname="TestRunner.runner" name="runScenario" time="0.168"/>
  <system-out/>
  <testcase classname="TestRunner.runner" name="runScenario" time="0.247"/>
  <system-out/>
  <testcase classname="TestRunner.runner" name="runScenario" time="0.212"/>
  <system-out/>
  <testcase classname="TestRunner.runner" name="runScenario" time="0.162"/>
  <system-out/>
</testsuite> <!-- TestRunner.runner -->
